Arguments: 
  /usr/bin/node /usr/local/share/yarn/bin/yarn.js install --frozen-lockfile --production --no-cache

PATH: 
  /usr/lib/node_modules/npm/node_modules/npm-lifecycle/node-gyp-bin:/api/node_modules/.bin:/usr/local/sbin:/usr/local/bin:/usr/sbin:/usr/bin:/sbin:/bin

Yarn version: 
  1.9.4

Node version: 
  8.11.4

Platform: 
  linux x64

Trace: 
  Error: getaddrinfo EAI_AGAIN registry.yarnpkg.com:443
      at Object._errnoException (util.js:992:11)
      at errnoException (dns.js:55:15)
      at GetAddrInfoReqWrap.onlookup [as oncomplete] (dns.js:92:26)

npm manifest: 
  {
    "name": "sterling-backend-challenge",
    "version": "1.0.0",
    "description": "",
    "main": "index.js",
    "scripts": {
      "test": "jest",
      "dev": "nodemon index.js",
      "serve": "node index.js",
      "install-script": "npm install -g yarn && yarn install --frozen-lockfile --production --no-cache && npm serve"
    },
    "author": "Onwuka Gideon",
    "license": "ISC",
    "dependencies": {
      "@babel/plugin-transform-runtime": "^7.5.5",
      "@babel/runtime": "^7.5.5",
      "bcryptjs": "^2.4.3",
      "body-parser": "^1.19.0",
      "cors": "^2.8.5",
      "dotenv": "^8.1.0",
      "express": "^4.17.1",
      "express-jwt": "^5.3.1",
      "express-redis-cache": "^1.1.3",
      "jsonwebtoken": "^8.5.1",
      "mongodb": "^3.3.0",
      "mongoose": "^5.6.9",
      "superagent": "^5.1.0",
      "supertest": "^4.0.2"
    },
    "devDependencies": {
      "@babel/core": "^7.5.5",
      "@babel/preset-env": "^7.5.5",
      "@babel/register": "^7.5.5",
      "babel-plugin-transform-runtime": "^6.23.0",
      "jest": "^24.9.0"
    }
  }

yarn manifest: 
  No manifest

Lockfile: 
  No lockfile
